#
# A fatal error has been detected by the Java Runtime Environment:
#
#  EXCEPTION_ACCESS_VIOLATION (0xc0000005) at pc=0x00007ff880e36407, pid=21684, tid=44908
#
# JRE version: OpenJDK Runtime Environment (21.0.2+13) (build 21.0.2+13-58)
# Java VM: OpenJDK 64-Bit Server VM (21.0.2+13-58, mixed mode, sharing, tiered, compressed oops, compressed class ptrs, g1 gc, windows-amd64)
# Problematic frame:
# C  0x00007ff880e36407
#
# No core dump will be written. Minidumps are not enabled by default on client versions of Windows
#
# If you would like to submit a bug report, please visit:
#   https://bugreport.java.com/bugreport/crash.jsp
#

---------------  S U M M A R Y ------------

Command Line: --add-opens=java.base/java.lang.reflect=com.jfoenix --add-opens=java.base/java.util=com.jfoenix --add-opens=java.base/java.lang=com.jfoenix -javaagent:D:\Program Files\JetBrains\IntelliJ IDEA 2023.3.2\lib\idea_rt.jar=57853:D:\Program Files\JetBrains\IntelliJ IDEA 2023.3.2\bin -Dfile.encoding=UTF-8 -Dsun.stdout.encoding=UTF-8 -Dsun.stderr.encoding=UTF-8 --module-path=C:\Users\23993\.m2\repository\com\dlsc\formsfx\formsfx-core\11.6.0\formsfx-core-11.6.0.jar;C:\Users\23993\.m2\repository\org\apache\httpcomponents\httpclient\4.5.13\httpclient-4.5.13.jar;C:\Users\23993\.m2\repository\com\itextpdf\itextpdf\5.5.13\itextpdf-5.5.13.jar;C:\Users\23993\.m2\repository\org\openjfx\javafx-controls\20.0.1\javafx-controls-20.0.1-win.jar;C:\Users\23993\.m2\repository\eu\hansolo\tilesfx\11.48\tilesfx-11.48.jar;C:\Users\23993\.m2\repository\org\apache\pdfbox\pdfbox\2.0.24\pdfbox-2.0.24.jar;D:\23993\OneDrive\IDEA\JavaCourseDesign\front\target\classes;C:\Users\23993\.m2\repository\org\openjfx\javafx-web\20.0.1\javafx-web-20.0.1-win.jar;C:\Users\23993\.m2\repository\net\synedra\validatorfx\0.4.0\validatorfx-0.4.0.jar;C:\Users\23993\.m2\repository\org\kordamp\ikonli\ikonli-core\12.3.1\ikonli-core-12.3.1.jar;C:\Users\23993\.m2\repository\org\openjfx\javafx-graphics\20.0.1\javafx-graphics-20.0.1-win.jar;C:\Users\23993\.m2\repository\com\jfoenix\jfoenix\9.0.10\jfoenix-9.0.10.jar;C:\Users\23993\.m2\repository\org\openjfx\javafx-base\20.0.1\javafx-base-20.0.1-win.jar;C:\Users\23993\.m2\repository\org\kordamp\bootstrapfx\bootstrapfx-core\0.4.0\bootstrapfx-core-0.4.0.jar;C:\Users\23993\.m2\repository\org\apache\httpcomponents\httpcore\4.4.13\httpcore-4.4.13.jar;C:\Users\23993\.m2\repository\org\openjfx\javafx-fxml\20.0.1\javafx-fxml-20.0.1-win.jar;C:\Users\23993\.m2\repository\org\kordamp\ikonli\ikonli-javafx\12.3.1\ikonli-javafx-12.3.1.jar;C:\Users\23993\.m2\repository\org\openjfx\javafx-swing\20.0.1\javafx-swing-20.0.1-win.jar;C:\Users\23993\.m2\repository\org\controlsfx\controlsfx\11.1.2\controlsfx-11.1.2.jar;C:\Users\23993\.m2\repository\com\google\code\gson\gson\2.8.6\gson-2.8.6.jar;C:\Users\23993\.m2\repository\org\openjfx\javafx-media\20.0.1\javafx-media-20.0.1-win.jar -Djdk.module.main=com.management.front com.management.front/com.management.front.HelloApplication

Host: 13th Gen Intel(R) Core(TM) i7-13700H, 20 cores, 31G,  Windows 11 , 64 bit Build 22621 (10.0.22621.3374)
Time: Mon Apr 22 20:50:14 2024  Windows 11 , 64 bit Build 22621 (10.0.22621.3374) elapsed time: 148.974843 seconds (0d 0h 2m 28s)

---------------  T H R E A D  ---------------

Current thread (0x00000234197156c0):  VMThread "VM Thread"          [id=44908, stack(0x0000006dfaa00000,0x0000006dfab00000) (1024K)]

Stack: [0x0000006dfaa00000,0x0000006dfab00000],  sp=0x0000006dfaafef60,  free space=1019k
Native frames: (J=compiled Java code, j=interpreted, Vv=VM code, C=native code)
C  0x00007ff880e36407


siginfo: EXCEPTION_ACCESS_VIOLATION (0xc0000005), reading address 0x0000000000000000


Registers:
RAX=0x0000000000000000, RBX=0x000002341c794db2, RCX=0x00000234197156c0, RDX=0x0000006dfaafef60
RSP=0x0000006dfaafef60, RBP=0x000002346329de38, RSI=0x0000006dfaaff068, RDI=0x000002346329de10
R8 =0x0000000000010002, R9 =0x000002346329de10, R10=0x85f13e9656da4870, R11=0x0000006dfaafeef0
R12=0x00007ff880e33d40, R13=0x00007ffffcc14720, R14=0x00001239d9973f6a, R15=0x000002346329de10
RIP=0x00007ff880e36407, EFLAGS=0x0000000000010202


Register to memory mapping:

RAX=0x0 is null
RBX=0x000002341c794db2 is a global jni handle
RCX=0x00000234197156c0 points into unknown readable memory: 0x00007ffffca26038 | 38 60 a2 fc ff 7f 00 00
RDX=0x0000006dfaafef60 points into unknown readable memory: 0x0000000000000000 | 00 00 00 00 00 00 00 00
RSP=0x0000006dfaafef60 points into unknown readable memory: 0x0000000000000000 | 00 00 00 00 00 00 00 00
RBP=0x000002346329de38 points into unknown readable memory: 0x00001239d9973f6a | 6a 3f 97 d9 39 12 00 00
RSI=0x0000006dfaaff068 points into unknown readable memory: 0x0000006dfaaff050 | 50 f0 af fa 6d 00 00 00
RDI=0x000002346329de10 points into unknown readable memory: 0x8ce17239d868dd69 | 69 dd 68 d8 39 72 e1 8c
R8 =0x0000000000010002 is an unknown value
R9 =0x000002346329de10 points into unknown readable memory: 0x8ce17239d868dd69 | 69 dd 68 d8 39 72 e1 8c
R10=0x85f13e9656da4870 is an unknown value
R11=0x0000006dfaafeef0 points into unknown readable memory: 0x000002346329de10 | 10 de 29 63 34 02 00 00
R12=0x00007ff880e33d40 points into unknown readable memory: 0x74894808245c8948 | 48 89 5c 24 08 48 89 74
R13=0x00007ffffcc14720 jvm.dll
R14=0x00001239d9973f6a is an unknown value
R15=0x000002346329de10 points into unknown readable memory: 0x8ce17239d868dd69 | 69 dd 68 d8 39 72 e1 8c

Top of Stack: (sp=0x0000006dfaafef60)
0x0000006dfaafef60:   0000000000000000 0000006dfaaff068
0x0000006dfaafef70:   00007ffffcc14720 00007ff880e33d40
0x0000006dfaafef80:   000002346329de18 00007ff88ef33a53
0x0000006dfaafef90:   000002346329de10 0000023400000000
0x0000006dfaafefa0:   000002346329de38 0000006dfaaff068
0x0000006dfaafefb0:   fffffffffffffffe 0000000000000000
0x0000006dfaafefc0:   0000000000000001 00007ff880e10000
0x0000006dfaafefd0:   0000006dfaaff058 00007ff88ef0042e
0x0000006dfaafefe0:   0000000000000000 0000006dfaaff068
0x0000006dfaafeff0:   0000006dfaaff350 0000000000000001
0x0000006dfaaff000:   0000000000000001 00007ff88eefdddd
0x0000006dfaaff010:   0000000000000000 00007ff880e33539
0x0000006dfaaff020:   0000006dfaaff350 0000006dfaaff058
0x0000006dfaaff030:   fffffffffffffffe 00007ff88df90000
0x0000006dfaaff040:   0000000000000000 00007ff880e33bcd
0x0000006dfaaff050:   00007ff880e49f88 0000000000000002
0x0000006dfaaff060:   0000000000000002 0000006dfaaff050
0x0000006dfaaff070:   00007ff88dfb5700 00007ff8912f8603
0x0000006dfaaff080:   0000000000000000 00007ff880e33cf2
0x0000006dfaaff090:   0000000000000001 00007ff88df90000
0x0000006dfaaff0a0:   00007ff88df90000 00007ff88df95bf2
0x0000006dfaaff0b0:   0000000000000001 0000006dfaaff350
0x0000006dfaaff0c0:   0000000000000001 00007ff88df90000
0x0000006dfaaff0d0:   00007ff880e10000 000000007ffe0384
0x0000006dfaaff0e0:   0000000000000000 00007ff8912f869f
0x0000006dfaaff0f0:   00007ff880e10000 0000000000000000
0x0000006dfaaff100:   0000000000000001 000000007ffe0385
0x0000006dfaaff110:   0000000000000000 00007ff8913212e9
0x0000006dfaaff120:   000075f8e8b26e00 0000000000000014
0x0000006dfaaff130:   00007ff880e33d40 0000000000000000
0x0000006dfaaff140:   0000000000000000 0000006df9f32000
0x0000006dfaaff150:   00000234631aa1d0 00007ff8913210a6 

Instructions: (pc=0x00007ff880e36407)
0x00007ff880e36307:   8b 4d 58 e8 7d cf ff ff 48 8b 4d 60 e8 74 cf ff
0x00007ff880e36317:   ff 48 8b 95 80 00 00 00 48 8b 8d 18 01 00 00 e8
0x00007ff880e36327:   66 c4 ff ff 33 d2 33 c9 e8 bc e1 ff ff 90 48 89
0x00007ff880e36337:   54 24 10 55 48 83 ec 20 48 8b ea 48 b8 00 00 00
0x00007ff880e36347:   00 00 00 00 00 48 83 c4 20 5d c3 cc 40 55 48 8b
0x00007ff880e36357:   ea 48 8b 01 33 c9 81 38 05 00 00 c0 0f 94 c1 8b
0x00007ff880e36367:   c1 5d c3 cc 40 55 48 83 ec 20 48 8b ea 8a 4d 40
0x00007ff880e36377:   48 83 c4 20 5d e9 63 d3 ff ff cc 40 55 48 83 ec
0x00007ff880e36387:   20 48 8b ea 8a 4d 20 e8 51 d3 ff ff 90 48 83 c4
0x00007ff880e36397:   20 5d c3 cc 40 55 48 83 ec 20 48 8b ea 48 83 c4
0x00007ff880e363a7:   20 5d e9 b2 d1 ff ff cc 40 55 48 83 ec 30 48 8b
0x00007ff880e363b7:   ea 48 8b 01 8b 10 48 89 4c 24 28 89 54 24 20 4c
0x00007ff880e363c7:   8d 0d 53 d6 ff ff 4c 8b 45 70 8b 55 68 48 8b 4d
0x00007ff880e363d7:   60 e8 f3 d0 ff ff 90 48 83 c4 30 5d c3 cc cc cc
0x00007ff880e363e7:   cc cc cc cc cc cc cc cc cc 40 53 48 83 ec 20 48
0x00007ff880e363f7:   8b 1d 8b 35 01 00 48 85 db 74 16 e8 79 8b ff ff
0x00007ff880e36407:   4c 8b 00 48 8b d3 48 8b c8 41 ff 90 b0 00 00 00
0x00007ff880e36417:   90 48 83 c4 20 5b c3 cc cc 40 53 48 83 ec 20 48
0x00007ff880e36427:   8b 1d fb 36 01 00 48 85 db 74 57 b8 ff ff ff ff
0x00007ff880e36437:   f0 0f c1 43 10 83 f8 01 75 3d 48 85 db 74 38 48
0x00007ff880e36447:   8b 0b 48 85 c9 74 0d ff 15 54 0e 00 00 48 c7 03
0x00007ff880e36457:   00 00 00 00 48 8b 4b 08 48 85 c9 74 0d e8 23 ce
0x00007ff880e36467:   ff ff 48 c7 43 08 00 00 00 00 ba 18 00 00 00 48
0x00007ff880e36477:   8b cb e8 0e ce ff ff 48 c7 05 9f 36 01 00 00 00
0x00007ff880e36487:   00 00 48 83 c4 20 5b c3 cc 40 53 48 83 ec 20 48
0x00007ff880e36497:   8b 1d 6b 36 01 00 48 85 db 74 57 b8 ff ff ff ff
0x00007ff880e364a7:   f0 0f c1 43 10 83 f8 01 75 3d 48 85 db 74 38 48
0x00007ff880e364b7:   8b 0b 48 85 c9 74 0d ff 15 e4 0d 00 00 48 c7 03
0x00007ff880e364c7:   00 00 00 00 48 8b 4b 08 48 85 c9 74 0d e8 b3 cd
0x00007ff880e364d7:   ff ff 48 c7 43 08 00 00 00 00 ba 18 00 00 00 48
0x00007ff880e364e7:   8b cb e8 9e cd ff ff 48 c7 05 0f 36 01 00 00 00
0x00007ff880e364f7:   00 00 48 83 c4 20 5b c3 cc 40 53 48 83 ec 20 48 


Stack slot to memory mapping:

stack at sp + 0 slots: 0x0 is null
stack at sp + 1 slots: 0x0000006dfaaff068 points into unknown readable memory: 0x0000006dfaaff050 | 50 f0 af fa 6d 00 00 00
stack at sp + 2 slots: 0x00007ffffcc14720 jvm.dll
stack at sp + 3 slots: 0x00007ff880e33d40 points into unknown readable memory: 0x74894808245c8948 | 48 89 5c 24 08 48 89 74
stack at sp + 4 slots: 0x000002346329de18 points into unknown readable memory: 0x00001239d9973f6a | 6a 3f 97 d9 39 12 00 00
stack at sp + 5 slots: 0x00007ff88ef33a53 ucrtbase.dll
stack at sp + 6 slots: 0x000002346329de10 points into unknown readable memory: 0x8ce17239d868dd69 | 69 dd 68 d8 39 72 e1 8c
stack at sp + 7 slots: 0x0000023400000000 points into unknown readable memory: 0x0000000000000009 | 09 00 00 00 00 00 00 00

VM_Operation (0x0000006dfa1ff0d0): Exit, mode: safepoint, requested by thread 0x0000023486e00d20


---------------  P R O C E S S  ---------------

Threads class SMR info:
_java_thread_list=0x0000023462497770, length=22, elements={
0x00000234752a64f0, 0x000002341c7a7210, 0x000002341c7a8030, 0x000002341c7ac060,
0x000002341c7ace20, 0x000002341c7ad880, 0x000002341c7bad30, 0x000002341c7bee00,
0x000002341c93f200, 0x0000023462c5f9e0, 0x0000023462d8d990, 0x00000234626b4460,
0x00000234621b26a0, 0x000002346333cd50, 0x0000023463668a10, 0x00000234637036f0,
0x000002346b904aa0, 0x000002346b7c6600, 0x000002346b7c8040, 0x0000023486e00000,
0x0000023486e00690, 0x0000023486e00d20
}

Java Threads: ( => current thread )
  0x00000234752a64f0 JavaThread "main"                              [_thread_blocked, id=9560, stack(0x0000006dfa300000,0x0000006dfa400000) (1024K)]
  0x000002341c7a7210 JavaThread "Reference Handler"          daemon [_thread_blocked, id=20204, stack(0x0000006dfab00000,0x0000006dfac00000) (1024K)]
  0x000002341c7a8030 JavaThread "Finalizer"                  daemon [_thread_blocked, id=27076, stack(0x0000006dfac00000,0x0000006dfad00000) (1024K)]
  0x000002341c7ac060 JavaThread "Attach Listener"            daemon [_thread_blocked, id=49468, stack(0x0000006dfae00000,0x0000006dfaf00000) (1024K)]
  0x000002341c7ace20 JavaThread "Service Thread"             daemon [_thread_blocked, id=28464, stack(0x0000006dfaf00000,0x0000006dfb000000) (1024K)]
  0x000002341c7ad880 JavaThread "Monitor Deflation Thread"   daemon [_thread_blocked, id=44400, stack(0x0000006dfb000000,0x0000006dfb100000) (1024K)]
  0x000002341c7bad30 JavaThread "C2 CompilerThread0"         daemon [_thread_blocked, id=39336, stack(0x0000006dfb100000,0x0000006dfb200000) (1024K)]
  0x000002341c7bee00 JavaThread "C1 CompilerThread0"         daemon [_thread_blocked, id=41340, stack(0x0000006dfb200000,0x0000006dfb300000) (1024K)]
  0x000002341c93f200 JavaThread "Common-Cleaner"             daemon [_thread_blocked, id=28088, stack(0x0000006dfb600000,0x0000006dfb700000) (1024K)]
  0x0000023462c5f9e0 JavaThread "Monitor Ctrl-Break"         daemon [_thread_in_native, id=12152, stack(0x0000006dfbe00000,0x0000006dfbf00000) (1024K)]
  0x0000023462d8d990 JavaThread "Notification Thread"        daemon [_thread_blocked, id=48840, stack(0x0000006dfbf00000,0x0000006dfc000000) (1024K)]
  0x00000234626b4460 JavaThread "QuantumRenderer-0"          daemon [_thread_blocked, id=18564, stack(0x0000006dfbd00000,0x0000006dfbe00000) (1024K)]
  0x00000234621b26a0 JavaThread "InvokeLaterDispatcher"      daemon [_thread_blocked, id=3456, stack(0x0000006dfb700000,0x0000006dfb800000) (1024K)]
  0x000002346333cd50 JavaThread "JavaFX Application Thread"         [_thread_in_native, id=25608, stack(0x0000006dfca00000,0x0000006dfcb00000) (1024K)]
  0x0000023463668a10 JavaThread "JavaFX-Launcher"                   [_thread_blocked, id=20932, stack(0x0000006dfcd00000,0x0000006dfce00000) (1024K)]
  0x00000234637036f0 JavaThread "Thread-2"                   daemon [_thread_in_native, id=24256, stack(0x0000006dfcc00000,0x0000006dfcd00000) (1024K)]
  0x000002346b904aa0 JavaThread "Prism Font Disposer"        daemon [_thread_blocked, id=21636, stack(0x0000006dfd700000,0x0000006dfd800000) (1024K)]
  0x000002346b7c6600 JavaThread "Cleaner-0"                  daemon [_thread_blocked, id=16484, stack(0x0000006dfd800000,0x0000006dfd900000) (1024K)]
  0x000002346b7c8040 JavaThread "HttpClient-9-SelectorManager" daemon [_thread_in_native, id=36128, stack(0x0000006dfb300000,0x0000006dfb400000) (1024K)]
  0x0000023486e00000 JavaThread "HttpClient-10-SelectorManager" daemon [_thread_in_native, id=35360, stack(0x0000006dfdb00000,0x0000006dfdc00000) (1024K)]
  0x0000023486e00690 JavaThread "HttpClient-11-SelectorManager" daemon [_thread_in_native, id=8972, stack(0x0000006dfa000000,0x0000006dfa100000) (1024K)]
  0x0000023486e00d20 JavaThread "SIGINT handler"             daemon [_thread_blocked, id=29288, stack(0x0000006dfa100000,0x0000006dfa200000) (1024K)]
Total: 22

Other Threads:
=>0x00000234197156c0 VMThread "VM Thread"                           [id=44908, stack(0x0000006dfaa00000,0x0000006dfab00000) (1024K)]
  0x0000023419560880 WorkerThread "GC Thread#0"                     [id=40968, stack(0x0000006dfa400000,0x0000006dfa500000) (1024K)]
  0x000002341ca9f7d0 WorkerThread "GC Thread#1"                     [id=30936, stack(0x0000006dfb800000,0x0000006dfb900000) (1024K)]
  0x0000023463401310 WorkerThread "GC Thread#2"                     [id=33328, stack(0x0000006dfb900000,0x0000006dfba00000) (1024K)]
  0x00000234634016b0 WorkerThread "GC Thread#3"                     [id=33900, stack(0x0000006dfba00000,0x0000006dfbb00000) (1024K)]
  0x0000023463401a50 WorkerThread "GC Thread#4"                     [id=12492, stack(0x0000006dfbb00000,0x0000006dfbc00000) (1024K)]
  0x000002341cb29d80 WorkerThread "GC Thread#5"                     [id=51088, stack(0x0000006dfc300000,0x0000006dfc400000) (1024K)]
  0x000002341cb2a120 WorkerThread "GC Thread#6"                     [id=30088, stack(0x0000006dfc400000,0x0000006dfc500000) (1024K)]
  0x000002341cb2a4c0 WorkerThread "GC Thread#7"                     [id=33524, stack(0x0000006dfc500000,0x0000006dfc600000) (1024K)]
  0x000002346297a980 WorkerThread "GC Thread#8"                     [id=45112, stack(0x0000006dfc600000,0x0000006dfc700000) (1024K)]
  0x0000023463447510 WorkerThread "GC Thread#9"                     [id=47204, stack(0x0000006dfc700000,0x0000006dfc800000) (1024K)]
  0x00000234634462f0 WorkerThread "GC Thread#10"                    [id=43336, stack(0x0000006dfc800000,0x0000006dfc900000) (1024K)]
  0x00000234634478b0 WorkerThread "GC Thread#11"                    [id=17092, stack(0x0000006dfc900000,0x0000006dfca00000) (1024K)]
  0x0000023463446a30 WorkerThread "GC Thread#12"                    [id=51536, stack(0x0000006dfce00000,0x0000006dfcf00000) (1024K)]
  0x0000023463446dd0 WorkerThread "GC Thread#13"                    [id=46464, stack(0x0000006dfcf00000,0x0000006dfd000000) (1024K)]
  0x0000023463447170 WorkerThread "GC Thread#14"                    [id=41148, stack(0x0000006dfd000000,0x0000006dfd100000) (1024K)]
  0x00000234776a6870 ConcurrentGCThread "G1 Main Marker"            terminated
  0x00000234776a7370 WorkerThread "G1 Conc#0"                       [id=49344, stack(0x0000006dfa600000,0x0000006dfa700000) (1024K)]
  0x000002346bbc0530 WorkerThread "G1 Conc#1"                       [id=44056, stack(0x0000006dfd100000,0x0000006dfd200000) (1024K)]
  0x000002346bbbfa50 WorkerThread "G1 Conc#2"                       [id=48808, stack(0x0000006dfd200000,0x0000006dfd300000) (1024K)]
  0x000002346bbc08d0 WorkerThread "G1 Conc#3"                       [id=23880, stack(0x0000006dfd300000,0x0000006dfd400000) (1024K)]
  0x00000234195ce460 ConcurrentGCThread "G1 Refine#0"               terminated
  0x00000234195ceee0 ConcurrentGCThread "G1 Service"                terminated
Total: 23

Threads with active compile tasks:
Total: 0

VM state: at safepoint (shutting down)

VM Mutex/Monitor currently owned by a thread:  ([mutex/lock_event])
[0x00007ffffcbecd68] Threads_lock - owner thread: 0x00000234197156c0
[0x00007ffffcbece68] Heap_lock - owner thread: 0x0000023486e00d20

Heap address: 0x0000000604400000, size: 8124 MB, Compressed Oops mode: Zero based, Oop shift amount: 3

CDS archive(s) mapped at: [0x000002341d000000-0x000002341dc90000-0x000002341dc90000), size 13172736, SharedBaseAddress: 0x000002341d000000, ArchiveRelocationMode: 1.
Compressed class space mapped at: 0x000002341e000000-0x000002345e000000, reserved size: 1073741824
Narrow klass base: 0x000002341d000000, Narrow klass shift: 0, Narrow klass range: 0x100000000

GC Precious Log:
 CardTable entry size: 512
 Card Set container configuration: InlinePtr #cards 4 size 8 Array Of Cards #cards 32 size 80 Howl #buckets 8 coarsen threshold 7372 Howl Bitmap #cards 1024 size 144 coarsen threshold 921 Card regions per heap region 1 cards per card region 8192
 CPUs: 20 total, 20 available
 Memory: 32492M
 Large Page Support: Disabled
 NUMA Support: Disabled
 Compressed Oops: Enabled (Zero based)
 Heap Region Size: 4M
 Heap Min Capacity: 8M
 Heap Initial Capacity: 508M
 Heap Max Capacity: 8124M
 Pre-touch: Disabled
 Parallel Workers: 15
 Concurrent Workers: 4
 Concurrent Refinement Workers: 15
 Periodic GC: Disabled

Heap:
 garbage-first heap   total 94208K, used 63341K [0x0000000604400000, 0x0000000800000000)
  region size 4096K, 7 young (28672K), 1 survivors (4096K)
 Metaspace       used 30670K, committed 31104K, reserved 1114112K
  class space    used 4363K, committed 4544K, reserved 1048576K

Heap Regions: E=young(eden), S=young(survivor), O=old, HS=humongous(starts), HC=humongous(continues), CS=collection set, F=free, TAMS=top-at-mark-start, PB=parsable bottom
|   0|0x0000000604400000, 0x0000000604800000, 0x0000000604800000|100%| O|  |TAMS 0x0000000604400000| PB 0x0000000604400000| Untracked 
|   1|0x0000000604800000, 0x0000000604c00000, 0x0000000604c00000|100%| O|  |TAMS 0x0000000604800000| PB 0x0000000604800000| Untracked 
|   2|0x0000000604c00000, 0x0000000605000000, 0x0000000605000000|100%| O|  |TAMS 0x0000000604c00000| PB 0x0000000604c00000| Untracked 
|   3|0x0000000605000000, 0x0000000605400000, 0x0000000605400000|100%| O|  |TAMS 0x0000000605000000| PB 0x0000000605000000| Untracked 
|   4|0x0000000605400000, 0x0000000605800000, 0x0000000605800000|100%| O|  |TAMS 0x0000000605400000| PB 0x0000000605400000| Untracked 
|   5|0x0000000605800000, 0x0000000605c00000, 0x0000000605c00000|100%| O|  |TAMS 0x0000000605800000| PB 0x0000000605800000| Untracked 
|   6|0x0000000605c00000, 0x0000000606000000, 0x0000000606000000|100%| O|  |TAMS 0x0000000605c00000| PB 0x0000000605c00000| Untracked 
|   7|0x0000000606000000, 0x0000000606400000, 0x0000000606400000|100%| O|  |TAMS 0x0000000606000000| PB 0x0000000606000000| Untracked 
|   8|0x0000000606400000, 0x0000000606800000, 0x0000000606800000|100%| O|  |TAMS 0x0000000606400000| PB 0x0000000606400000| Untracked 
|   9|0x0000000606800000, 0x00000006069db518, 0x0000000606c00000| 46%| O|  |TAMS 0x0000000606800000| PB 0x0000000606800000| Untracked 
|  10|0x0000000606c00000, 0x0000000607000000, 0x0000000607000000|100%| O|  |TAMS 0x0000000606c00000| PB 0x0000000606c00000| Untracked 
|  11|0x0000000607000000, 0x0000000607000000, 0x0000000607400000|  0%| F|  |TAMS 0x0000000607000000| PB 0x0000000607000000| Untracked 
|  12|0x0000000607400000, 0x0000000607400000, 0x0000000607800000|  0%| F|  |TAMS 0x0000000607400000| PB 0x0000000607400000| Untracked 
|  13|0x0000000607800000, 0x0000000607800000, 0x0000000607c00000|  0%| F|  |TAMS 0x0000000607800000| PB 0x0000000607800000| Untracked 
|  14|0x0000000607c00000, 0x0000000607c00000, 0x0000000608000000|  0%| F|  |TAMS 0x0000000607c00000| PB 0x0000000607c00000| Untracked 
|  15|0x0000000608000000, 0x0000000608000000, 0x0000000608400000|  0%| F|  |TAMS 0x0000000608000000| PB 0x0000000608000000| Untracked 
|  16|0x0000000608400000, 0x0000000608800000, 0x0000000608800000|100%| S|CS|TAMS 0x0000000608400000| PB 0x0000000608400000| Complete 
|  17|0x0000000608800000, 0x0000000608a79d18, 0x0000000608c00000| 61%| E|  |TAMS 0x0000000608800000| PB 0x0000000608800000| Complete 
|  18|0x0000000608c00000, 0x0000000609000000, 0x0000000609000000|100%| E|CS|TAMS 0x0000000608c00000| PB 0x0000000608c00000| Complete 
| 111|0x0000000620000000, 0x0000000620400000, 0x0000000620400000|100%| E|  |TAMS 0x0000000620000000| PB 0x0000000620000000| Complete 
| 112|0x0000000620400000, 0x0000000620800000, 0x0000000620800000|100%| E|CS|TAMS 0x0000000620400000| PB 0x0000000620400000| Complete 
| 113|0x0000000620800000, 0x0000000620c00000, 0x0000000620c00000|100%| E|CS|TAMS 0x0000000620800000| PB 0x0000000620800000| Complete 
| 126|0x0000000623c00000, 0x0000000624000000, 0x0000000624000000|100%| E|CS|TAMS 0x0000000623c00000| PB 0x0000000623c00000| Complete 

Card table byte_map: [0x0000023410540000,0x0000023411520000] _byte_map_base: 0x000002340d51e000

Marking Bits: (CMBitMap*) 0x0000023477696010
 Bits: [0x0000023411520000, 0x0000023419410000)

Polling page: 0x0000023475250000

Metaspace:

Usage:
  Non-class:     25.69 MB used.
      Class:      4.26 MB used.
       Both:     29.95 MB used.

Virtual space:
  Non-class space:       64.00 MB reserved,      25.94 MB ( 41%) committed,  1 nodes.
      Class space:        1.00 GB reserved,       4.44 MB ( <1%) committed,  1 nodes.
             Both:        1.06 GB reserved,      30.38 MB (  3%) committed. 

Chunk freelists:
   Non-Class:  5.97 MB
       Class:  11.52 MB
        Both:  17.49 MB

MaxMetaspaceSize: unlimited
CompressedClassSpaceSize: 1.00 GB
Initial GC threshold: 21.00 MB
Current GC threshold: 35.12 MB
CDS: on
 - commit_granule_bytes: 65536.
 - commit_granule_words: 8192.
 - virtual_space_node_default_size: 8388608.
 - enlarge_chunks_in_place: 1.
 - use_allocation_guard: 0.


Internal statistics:

num_allocs_failed_limit: 3.
num_arena_births: 446.
num_arena_deaths: 0.
num_vsnodes_births: 2.
num_vsnodes_deaths: 0.
num_space_committed: 486.
num_space_uncommitted: 0.
num_chunks_returned_to_freelist: 3.
num_chunks_taken_from_freelist: 1374.
num_chunk_merges: 0.
num_chunk_splits: 983.
num_chunks_enlarged: 760.
num_inconsistent_stats: 0.

CodeHeap 'non-profiled nmethods': size=119168Kb used=5293Kb max_used=5293Kb free=113874Kb
 bounds [0x0000023407ba0000, 0x00000234080d0000, 0x000002340f000000]
CodeHeap 'profiled nmethods': size=119104Kb used=16689Kb max_used=16689Kb free=102414Kb
 bounds [0x0000023400000000, 0x0000023401050000, 0x0000023407450000]
CodeHeap 'non-nmethods': size=7488Kb used=1918Kb max_used=3683Kb free=5569Kb
 bounds [0x0000023407450000, 0x0000023407800000, 0x0000023407ba0000]
 total_blobs=8746 nmethods=7846 adapters=803
 compilation: enabled
              stopped_count=0, restarted_count=0
 full_count=0

Compilation events (20 events):
Event: 63.497 Thread 0x000002341c7bee00 nmethod 7839 0x0000023401047d10 code [0x0000023401048160, 0x000002340104a530]
Event: 63.497 Thread 0x000002341c7bee00 7840       3       com.sun.javafx.text.TextRun::setMetrics (16 bytes)
Event: 63.497 Thread 0x000002341c7bee00 nmethod 7840 0x000002340104ac10 code [0x000002340104ada0, 0x000002340104aeb8]
Event: 63.511 Thread 0x000002341c7bee00 7841       3       com.sun.javafx.util.Utils::convertSRGBtoLinearRGB (99 bytes)
Event: 63.511 Thread 0x000002341c7bee00 nmethod 7841 0x000002340104af90 code [0x000002340104b1e0, 0x000002340104b6f0]
Event: 63.547 Thread 0x000002341c7bad30 nmethod 7837 0x00000234080c0310 code [0x00000234080c0860, 0x00000234080c4e20]
Event: 64.063 Thread 0x000002341c7bad30 7842       4       javafx.scene.input.MouseEvent::<init> (208 bytes)
Event: 64.072 Thread 0x000002341c7bad30 nmethod 7842 0x00000234080c7a90 code [0x00000234080c7ca0, 0x00000234080c8b08]
Event: 64.097 Thread 0x000002341c7bad30 7843       4       javafx.scene.input.MouseEvent::<init> (45 bytes)
Event: 64.097 Thread 0x000002341c7bad30 nmethod 7843 0x00000234080c8e90 code [0x00000234080c9020, 0x00000234080c91d8]
Event: 66.185 Thread 0x000002341c7bee00 7844       3       java.lang.Math::addExact (32 bytes)
Event: 66.185 Thread 0x000002341c7bee00 nmethod 7844 0x000002340104b910 code [0x000002340104bac0, 0x000002340104bcc8]
Event: 69.799 Thread 0x000002341c7bad30 7845       4       com.sun.javafx.tk.quantum.QuantumToolkit::postPulse (133 bytes)
Event: 69.813 Thread 0x000002341c7bad30 nmethod 7845 0x00000234080c9290 code [0x00000234080c9540, 0x00000234080ca8f8]
Event: 86.567 Thread 0x000002341c7bad30 7846       4       com.sun.javafx.tk.quantum.QuantumToolkit$$Lambda/0x000002341e03d590::run (8 bytes)
Event: 86.568 Thread 0x000002341c7bad30 nmethod 7846 0x00000234080cb290 code [0x00000234080cb440, 0x00000234080cb550]
Event: 148.597 Thread 0x000002341c7bee00 7847       3       java.util.Collections$3::hasMoreElements (10 bytes)
Event: 148.598 Thread 0x000002341c7bee00 nmethod 7847 0x000002340104bd90 code [0x000002340104bf40, 0x000002340104c120]
Event: 148.598 Thread 0x000002341c7bee00 7848       3       java.util.Collections$3::nextElement (10 bytes)
Event: 148.598 Thread 0x000002341c7bee00 nmethod 7848 0x000002340104c210 code [0x000002340104c3c0, 0x000002340104c5a0]

GC Heap History (14 events):
Event: 0.500 GC heap before
{Heap before GC invocations=0 (full 0):
 garbage-first heap   total 520192K, used 20480K [0x0000000604400000, 0x0000000800000000)
  region size 4096K, 6 young (24576K), 0 survivors (0K)
 Metaspace       used 3592K, committed 3776K, reserved 1114112K
  class space    used 367K, committed 448K, reserved 1048576K
}
Event: 0.502 GC heap after
{Heap after GC invocations=1 (full 0):
 garbage-first heap   total 520192K, used 2487K [0x0000000604400000, 0x0000000800000000)
  region size 4096K, 1 young (4096K), 1 survivors (4096K)
 Metaspace       used 3592K, committed 3776K, reserved 1114112K
  class space    used 367K, committed 448K, reserved 1048576K
}
Event: 0.852 GC heap before
{Heap before GC invocations=1 (full 0):
 garbage-first heap   total 520192K, used 39351K [0x0000000604400000, 0x0000000800000000)
  region size 4096K, 11 young (45056K), 1 survivors (4096K)
 Metaspace       used 12766K, committed 12992K, reserved 1114112K
  class space    used 1629K, committed 1728K, reserved 1048576K
}
Event: 0.855 GC heap after
{Heap after GC invocations=2 (full 0):
 garbage-first heap   total 520192K, used 8190K [0x0000000604400000, 0x0000000800000000)
  region size 4096K, 2 young (8192K), 2 survivors (8192K)
 Metaspace       used 12766K, committed 12992K, reserved 1114112K
  class space    used 1629K, committed 1728K, reserved 1048576K
}
Event: 2.001 GC heap before
{Heap before GC invocations=2 (full 0):
 garbage-first heap   total 520192K, used 45054K [0x0000000604400000, 0x0000000800000000)
  region size 4096K, 13 young (53248K), 2 survivors (8192K)
 Metaspace       used 21208K, committed 21504K, reserved 1114112K
  class space    used 3067K, committed 3200K, reserved 1048576K
}
Event: 2.006 GC heap after
{Heap after GC invocations=3 (full 0):
 garbage-first heap   total 520192K, used 14213K [0x0000000604400000, 0x0000000800000000)
  region size 4096K, 3 young (12288K), 3 survivors (12288K)
 Metaspace       used 21208K, committed 21504K, reserved 1114112K
  class space    used 3067K, committed 3200K, reserved 1048576K
}
Event: 5.127 GC heap before
{Heap before GC invocations=4 (full 0):
 garbage-first heap   total 69632K, used 63365K [0x0000000604400000, 0x0000000800000000)
  region size 4096K, 16 young (65536K), 3 survivors (12288K)
 Metaspace       used 27906K, committed 28288K, reserved 1114112K
  class space    used 4093K, committed 4288K, reserved 1048576K
}
Event: 5.133 GC heap after
{Heap after GC invocations=5 (full 0):
 garbage-first heap   total 94208K, used 26849K [0x0000000604400000, 0x0000000800000000)
  region size 4096K, 6 young (24576K), 6 survivors (24576K)
 Metaspace       used 27906K, committed 28288K, reserved 1114112K
  class space    used 4093K, committed 4288K, reserved 1048576K
}
Event: 5.255 GC heap before
{Heap before GC invocations=5 (full 0):
 garbage-first heap   total 94208K, used 55521K [0x0000000604400000, 0x0000000800000000)
  region size 4096K, 13 young (53248K), 6 survivors (24576K)
 Metaspace       used 28275K, committed 28672K, reserved 1114112K
  class space    used 4115K, committed 4288K, reserved 1048576K
}
Event: 5.264 GC heap after
{Heap after GC invocations=6 (full 0):
 garbage-first heap   total 94208K, used 32023K [0x0000000604400000, 0x0000000800000000)
  region size 4096K, 2 young (8192K), 2 survivors (8192K)
 Metaspace       used 28275K, committed 28672K, reserved 1114112K
  class space    used 4115K, committed 4288K, reserved 1048576K
}
Event: 8.363 GC heap before
{Heap before GC invocations=6 (full 0):
 garbage-first heap   total 94208K, used 60695K [0x0000000604400000, 0x0000000800000000)
  region size 4096K, 10 young (40960K), 2 survivors (8192K)
 Metaspace       used 29174K, committed 29568K, reserved 1114112K
  class space    used 4156K, committed 4352K, reserved 1048576K
}
Event: 8.368 GC heap after
{Heap after GC invocations=7 (full 0):
 garbage-first heap   total 94208K, used 41924K [0x0000000604400000, 0x0000000800000000)
  region size 4096K, 2 young (8192K), 2 survivors (8192K)
 Metaspace       used 29174K, committed 29568K, reserved 1114112K
  class space    used 4156K, committed 4352K, reserved 1048576K
}
Event: 47.702 GC heap before
{Heap before GC invocations=7 (full 0):
 garbage-first heap   total 94208K, used 62404K [0x0000000604400000, 0x0000000800000000)
  region size 4096K, 8 young (32768K), 2 survivors (8192K)
 Metaspace       used 30527K, committed 30976K, reserved 1114112K
  class space    used 4362K, committed 4544K, reserved 1048576K
}
Event: 47.706 GC heap after
{Heap after GC invocations=8 (full 0):
 garbage-first heap   total 94208K, used 46957K [0x0000000604400000, 0x0000000800000000)
  region size 4096K, 1 young (4096K), 1 survivors (4096K)
 Metaspace       used 30527K, committed 30976K, reserved 1114112K
  class space    used 4362K, committed 4544K, reserved 1048576K
}

Dll operation events (20 events):
Event: 0.329 Loaded shared library C:\Users\23993\.openjfx\cache\20.0.1+2\amd64\api-ms-win-crt-multibyte-l1-1-0.dll
Event: 0.333 Loaded shared library C:\Users\23993\.openjfx\cache\20.0.1+2\amd64\api-ms-win-crt-private-l1-1-0.dll
Event: 0.335 Loaded shared library C:\Users\23993\.openjfx\cache\20.0.1+2\amd64\api-ms-win-crt-process-l1-1-0.dll
Event: 0.337 Loaded shared library C:\Users\23993\.openjfx\cache\20.0.1+2\amd64\api-ms-win-crt-runtime-l1-1-0.dll
Event: 0.340 Loaded shared library C:\Users\23993\.openjfx\cache\20.0.1+2\amd64\api-ms-win-crt-stdio-l1-1-0.dll
Event: 0.342 Loaded shared library C:\Users\23993\.openjfx\cache\20.0.1+2\amd64\api-ms-win-crt-string-l1-1-0.dll
Event: 0.345 Loaded shared library C:\Users\23993\.openjfx\cache\20.0.1+2\amd64\api-ms-win-crt-time-l1-1-0.dll
Event: 0.347 Loaded shared library C:\Users\23993\.openjfx\cache\20.0.1+2\amd64\api-ms-win-crt-utility-l1-1-0.dll
Event: 0.358 Loaded shared library C:\Users\23993\.openjfx\cache\20.0.1+2\amd64\ucrtbase.dll
Event: 0.361 Loaded shared library C:\Users\23993\.openjfx\cache\20.0.1+2\amd64\vcruntime140.dll
Event: 0.363 Loaded shared library C:\Users\23993\.openjfx\cache\20.0.1+2\amd64\vcruntime140_1.dll
Event: 0.369 Loaded shared library C:\Users\23993\.openjfx\cache\20.0.1+2\amd64\msvcp140.dll
Event: 0.372 Loaded shared library C:\Users\23993\.openjfx\cache\20.0.1+2\amd64\msvcp140_1.dll
Event: 0.375 Loaded shared library C:\Users\23993\.openjfx\cache\20.0.1+2\amd64\msvcp140_2.dll
Event: 0.399 Loaded shared library C:\Users\23993\.openjfx\cache\20.0.1+2\amd64\prism_d3d.dll
Event: 0.498 Loaded shared library C:\Users\23993\.openjfx\cache\20.0.1+2\amd64\glass.dll
Event: 0.582 Loaded shared library D:\Users\23993\.jdks\openjdk-21.0.2\bin\jimage.dll
Event: 0.609 Loaded shared library D:\Users\23993\.jdks\openjdk-21.0.2\bin\verify.dll
Event: 0.642 Loaded shared library D:\Users\23993\.jdks\openjdk-21.0.2\bin\sunmscapi.dll
Event: 0.816 Loaded shared library C:\Users\23993\.openjfx\cache\20.0.1+2\amd64\javafx_font.dll

Deoptimization events (20 events):
Event: 55.872 Thread 0x000002346333cd50 DEOPT PACKING pc=0x0000023407c7c688 sp=0x0000006dfcafb680
Event: 55.872 Thread 0x000002346333cd50 DEOPT UNPACKING pc=0x00000234074a46a2 sp=0x0000006dfcafb5f0 mode 2
Event: 62.752 Thread 0x00000234626b4460 Uncommon trap: trap_request=0xffffff45 fr.pc=0x0000023407fd6368 relative=0x0000000000000128
Event: 62.752 Thread 0x00000234626b4460 Uncommon trap: reason=unstable_if action=reinterpret pc=0x0000023407fd6368 method=com.sun.prism.impl.ManagedResource.bumpAge(I)V @ 7 c2
Event: 62.752 Thread 0x00000234626b4460 DEOPT PACKING pc=0x0000023407fd6368 sp=0x0000006dfbdff070
Event: 62.752 Thread 0x00000234626b4460 DEOPT UNPACKING pc=0x00000234074a46a2 sp=0x0000006dfbdfefa8 mode 2
Event: 62.752 Thread 0x00000234626b4460 Uncommon trap: trap_request=0xffffff45 fr.pc=0x0000023407d53290 relative=0x0000000000000070
Event: 62.752 Thread 0x00000234626b4460 Uncommon trap: reason=unstable_if action=reinterpret pc=0x0000023407d53290 method=com.sun.prism.impl.ManagedResource.bumpAge(I)V @ 7 c2
Event: 62.752 Thread 0x00000234626b4460 DEOPT PACKING pc=0x0000023407d53290 sp=0x0000006dfbdff010
Event: 62.752 Thread 0x00000234626b4460 DEOPT UNPACKING pc=0x00000234074a46a2 sp=0x0000006dfbdfefa0 mode 2
Event: 62.819 Thread 0x00000234626b4460 Uncommon trap: trap_request=0xffffff45 fr.pc=0x0000023407fd2e78 relative=0x0000000000000198
Event: 62.819 Thread 0x00000234626b4460 Uncommon trap: reason=unstable_if action=reinterpret pc=0x0000023407fd2e78 method=com.sun.prism.impl.ManagedResource.bumpAge(I)V @ 7 c2
Event: 62.819 Thread 0x00000234626b4460 DEOPT PACKING pc=0x0000023407fd2e78 sp=0x0000006dfbdff070
Event: 62.819 Thread 0x00000234626b4460 DEOPT UNPACKING pc=0x00000234074a46a2 sp=0x0000006dfbdfefa8 mode 2
Event: 63.496 Thread 0x000002346333cd50 DEOPT PACKING pc=0x000002340054b9f8 sp=0x0000006dfcafb2f0
Event: 63.496 Thread 0x000002346333cd50 DEOPT UNPACKING pc=0x00000234074a4e42 sp=0x0000006dfcafa7e0 mode 0
Event: 148.596 Thread 0x000002341c7ab400 Uncommon trap: trap_request=0xffffffc6 fr.pc=0x0000023408008a34 relative=0x0000000000000794
Event: 148.596 Thread 0x000002341c7ab400 Uncommon trap: reason=bimorphic_or_optimized_type_check action=maybe_recompile pc=0x0000023408008a34 method=java.util.Hashtable.get(Ljava/lang/Object;)Ljava/lang/Object; @ 6 c2
Event: 148.596 Thread 0x000002341c7ab400 DEOPT PACKING pc=0x0000023408008a34 sp=0x0000006dfadff030
Event: 148.596 Thread 0x000002341c7ab400 DEOPT UNPACKING pc=0x00000234074a46a2 sp=0x0000006dfadfefe0 mode 2

Classes loaded (20 events):
Event: 13.839 Loading class sun/util/resources/LocaleData$LocaleDataResourceBundleProvider done
Event: 13.839 Loading class sun/util/resources/LocaleData$CommonResourceBundleProvider done
Event: 13.839 Loading class sun/text/resources/BreakIteratorInfo
Event: 13.839 Loading class sun/text/resources/BreakIteratorInfo done
Event: 13.839 Loading class sun/text/resources/BreakIteratorResources
Event: 13.839 Loading class sun/util/resources/BreakIteratorResourceBundle
Event: 13.840 Loading class sun/util/resources/BreakIteratorResourceBundle done
Event: 13.840 Loading class sun/text/resources/BreakIteratorResources done
Event: 13.840 Loading class sun/util/resources/Bundles$2
Event: 13.840 Loading class sun/util/resources/Bundles$2 done
Event: 13.840 Loading class sun/text/RuleBasedBreakIterator
Event: 13.840 Loading class sun/text/RuleBasedBreakIterator done
Event: 13.841 Loading class sun/text/CompactByteArray
Event: 13.841 Loading class sun/text/CompactByteArray done
Event: 13.841 Loading class sun/text/SupplementaryCharacterData
Event: 13.841 Loading class sun/text/SupplementaryCharacterData done
Event: 20.995 Loading class java/lang/foreign/MemorySegment
Event: 20.996 Loading class java/lang/foreign/MemorySegment done
Event: 148.596 Loading class jdk/internal/misc/Signal$1
Event: 148.596 Loading class jdk/internal/misc/Signal$1 done

Classes unloaded (0 events):
No events

Classes redefined (0 events):
No events

Internal exceptions (20 events):
Event: 5.390 Thread 0x00000234626b4460 Exception <a 'java/lang/NoSuchMethodError'{0x0000000608c122f0}: 'java.lang.Object java.lang.invoke.DirectMethodHandle$Holder.invokeStaticInit(java.lang.Object, int)'> (0x0000000608c122f0) 
thrown [s\open\src\hotspot\share\interpreter\linkResolver.cpp, line 773]
Event: 7.701 Thread 0x000002346333cd50 Exception <a 'java/lang/NoSuchMethodError'{0x0000000608d68518}: 'void java.lang.invoke.DirectMethodHandle$Holder.invokeVirtual(java.lang.Object, java.lang.Object, int)'> (0x0000000608d68518) 
thrown [s\open\src\hotspot\share\interpreter\linkResolver.cpp, line 773]
Event: 7.800 Thread 0x000002346333cd50 Implicit null exception at 0x0000023407d734db to 0x0000023407d73660
Event: 7.824 Thread 0x000002346333cd50 Implicit null exception at 0x0000023407e30c66 to 0x0000023407e311f0
Event: 7.824 Thread 0x000002346333cd50 Implicit null exception at 0x0000023407d56d46 to 0x0000023407d577f0
Event: 7.824 Thread 0x000002346333cd50 Implicit null exception at 0x0000023407d40633 to 0x0000023407d406b4
Event: 8.000 Thread 0x00000234626b4460 Implicit null exception at 0x0000023407eea0bf to 0x0000023407eeb253
Event: 8.001 Thread 0x00000234626b4460 Implicit null exception at 0x0000023407eea0bf to 0x0000023407eeb253
Event: 8.001 Thread 0x00000234626b4460 Implicit null exception at 0x0000023407eea0bf to 0x0000023407eeb253
Event: 8.001 Thread 0x00000234626b4460 Implicit null exception at 0x0000023407eea0bf to 0x0000023407eeb253
Event: 13.784 Thread 0x000002346333cd50 Exception <a 'sun/nio/fs/WindowsException'{0x000000062096db70}> (0x000000062096db70) 
thrown [s\open\src\hotspot\share\prims\jni.cpp, line 520]
Event: 13.784 Thread 0x000002346333cd50 Exception <a 'sun/nio/fs/WindowsException'{0x000000062096f670}> (0x000000062096f670) 
thrown [s\open\src\hotspot\share\prims\jni.cpp, line 520]
Event: 13.785 Thread 0x000002346333cd50 Exception <a 'sun/nio/fs/WindowsException'{0x0000000620971338}> (0x0000000620971338) 
thrown [s\open\src\hotspot\share\prims\jni.cpp, line 520]
Event: 13.785 Thread 0x000002346333cd50 Exception <a 'sun/nio/fs/WindowsException'{0x0000000620972f40}> (0x0000000620972f40) 
thrown [s\open\src\hotspot\share\prims\jni.cpp, line 520]
Event: 13.795 Thread 0x000002346333cd50 Implicit null exception at 0x0000023407ea276d to 0x0000023407ea3400
Event: 13.795 Thread 0x000002346333cd50 Implicit null exception at 0x0000023407e48714 to 0x0000023407e50844
Event: 13.796 Thread 0x000002346333cd50 Implicit null exception at 0x0000023407e9e163 to 0x0000023407e9fd94
Event: 46.152 Thread 0x000002346333cd50 Exception <a 'java/lang/NoSuchMethodError'{0x00000006088c7df8}: 'java.lang.Object java.lang.invoke.DirectMethodHandle$Holder.newInvokeSpecial(java.lang.Object, java.lang.Object, int, int, int, int, int, java.lang.Object)'> (0x00000006088c7df8) 
thrown [s\open\src\hotspot\share\interpreter\linkResolver.cpp, line 773]
Event: 46.153 Thread 0x000002346333cd50 Exception <a 'java/lang/NoSuchMethodError'{0x00000006088da458}: 'java.lang.Object java.lang.invoke.DirectMethodHandle$Holder.newInvokeSpecial(java.lang.Object, java.lang.Object, java.lang.Object, int, int, int, int, int)'> (0x00000006088da458) 
thrown [s\open\src\hotspot\share\interpreter\linkResolver.cpp, line 773]
Event: 46.154 Thread 0x000002346333cd50 Exception <a 'java/lang/NoSuchMethodError'{0x00000006088e1fa8}: 'java.lang.Object java.lang.invoke.Invokers$Holder.linkToTargetMethod(java.lang.Object, java.lang.Object, int, int, int, int, int, java.lang.Object)'> (0x00000006088e1fa8) 
thrown [s\open\src\hotspot\share\interpreter\linkResolver.cpp, line 773]

ZGC Phase Switch (0 events):
No events

VM Operations (20 events):
Event: 60.162 Executing VM operation: Cleanup done
Event: 60.162 Executing VM operation: RendezvousGCThreads
Event: 60.162 Executing VM operation: RendezvousGCThreads done
Event: 62.162 Executing VM operation: Cleanup
Event: 62.162 Executing VM operation: Cleanup done
Event: 64.163 Executing VM operation: Cleanup
Event: 64.163 Executing VM operation: Cleanup done
Event: 78.168 Executing VM operation: Cleanup
Event: 78.168 Executing VM operation: Cleanup done
Event: 79.169 Executing VM operation: Cleanup
Event: 79.169 Executing VM operation: Cleanup done
Event: 82.170 Executing VM operation: Cleanup
Event: 82.170 Executing VM operation: Cleanup done
Event: 110.183 Executing VM operation: Cleanup
Event: 110.183 Executing VM operation: Cleanup done
Event: 120.278 Executing VM operation: HandshakeAllThreads (HandshakeForDeflation)
Event: 120.278 Executing VM operation: HandshakeAllThreads (HandshakeForDeflation) done
Event: 120.278 Executing VM operation: RendezvousGCThreads
Event: 120.278 Executing VM operation: RendezvousGCThreads done
Event: 148.599 Executing VM operation: Exit

Events (20 events):
Event: 56.055 Thread 0x0000023473500020 Thread exited: 0x0000023473500020
Event: 56.201 Thread 0x0000023473501490 Thread exited: 0x0000023473501490
Event: 63.185 Thread 0x0000023486e02760 Thread exited: 0x0000023486e02760
Event: 63.218 Thread 0x0000023486e00690 Thread added: 0x0000023486e00690
Event: 63.220 Thread 0x0000023486e00d20 Thread added: 0x0000023486e00d20
Event: 63.220 Thread 0x0000023486e013b0 Thread added: 0x0000023486e013b0
Event: 63.220 Thread 0x0000023486e02760 Thread added: 0x0000023486e02760
Event: 110.143 Thread 0x000002346b7c86d0 Thread exited: 0x000002346b7c86d0
Event: 110.143 Thread 0x000002346b7c93f0 Thread exited: 0x000002346b7c93f0
Event: 123.185 Thread 0x0000023486e020d0 Thread exited: 0x0000023486e020d0
Event: 123.185 Thread 0x0000023486e02df0 Thread exited: 0x0000023486e02df0
Event: 123.221 Thread 0x0000023486e00d20 Thread exited: 0x0000023486e00d20
Event: 123.491 Thread 0x0000023486e02760 Thread exited: 0x0000023486e02760
Event: 123.491 Thread 0x0000023486e013b0 Thread exited: 0x0000023486e013b0
Event: 148.596 Thread 0x0000023486e00d20 Thread added: 0x0000023486e00d20
Event: 148.597 Thread 0x0000023486e01a40 Thread added: 0x0000023486e01a40
Event: 148.597 Thread 0x0000023486e013b0 Thread added: 0x0000023486e013b0
Event: 148.597 Thread 0x0000023486e013b0 Thread exited: 0x0000023486e013b0
Event: 148.599 Thread 0x0000023486e01a40 Thread exited: 0x0000023486e01a40
Event: 148.599 Thread 0x000002341c7ab400 Thread exited: 0x000002341c7ab400


Dynamic libraries:
0x00007ff624870000 - 0x00007ff62487e000 	D:\Users\23993\.jdks\openjdk-21.0.2\bin\java.exe
0x00007ff8912d0000 - 0x00007ff8914e6000 	C:\WINDOWS\SYSTEM32\ntdll.dll
0x00007ff88fab0000 - 0x00007ff88fb74000 	C:\WINDOWS\System32\KERNEL32.DLL
0x00007ff88e760000 - 0x00007ff88eb07000 	C:\WINDOWS\System32\KERNELBASE.dll
0x00007ff88eee0000 - 0x00007ff88eff1000 	C:\WINDOWS\System32\ucrtbase.dll
0x00007ff850360000 - 0x00007ff850378000 	D:\Users\23993\.jdks\openjdk-21.0.2\bin\jli.dll
0x00007ff850340000 - 0x00007ff85035b000 	D:\Users\23993\.jdks\openjdk-21.0.2\bin\VCRUNTIME140.dll
0x00007ff88f550000 - 0x00007ff88f6fe000 	C:\WINDOWS\System32\USER32.dll
0x00007ff88eb10000 - 0x00007ff88eb36000 	C:\WINDOWS\System32\win32u.dll
0x00007ff88f700000 - 0x00007ff88f729000 	C:\WINDOWS\System32\GDI32.dll
0x00007ff88ebe0000 - 0x00007ff88ecf9000 	C:\WINDOWS\System32\gdi32full.dll
0x00007ff88eb40000 - 0x00007ff88ebda000 	C:\WINDOWS\System32\msvcp_win.dll
0x00007ff8726b0000 - 0x00007ff872943000 	C:\WINDOWS\WinSxS\amd64_microsoft.windows.common-controls_6595b64144ccf1df_6.0.22621.3235_none_270f74e173860f98\COMCTL32.dll
0x00007ff890960000 - 0x00007ff890a07000 	C:\WINDOWS\System32\msvcrt.dll
0x00007ff890000000 - 0x00007ff890031000 	C:\WINDOWS\System32\IMM32.DLL
0x00007ff850890000 - 0x00007ff85089c000 	D:\Users\23993\.jdks\openjdk-21.0.2\bin\vcruntime140_1.dll
0x00007ff8502b0000 - 0x00007ff85033e000 	D:\Users\23993\.jdks\openjdk-21.0.2\bin\msvcp140.dll
0x00007ffffbfb0000 - 0x00007ffffccc7000 	D:\Users\23993\.jdks\openjdk-21.0.2\bin\server\jvm.dll
0x00007ff88f1d0000 - 0x00007ff88f282000 	C:\WINDOWS\System32\ADVAPI32.dll
0x00007ff890fc0000 - 0x00007ff891068000 	C:\WINDOWS\System32\sechost.dll
0x00007ff88e730000 - 0x00007ff88e758000 	C:\WINDOWS\System32\bcrypt.dll
0x00007ff88f290000 - 0x00007ff88f3a5000 	C:\WINDOWS\System32\RPCRT4.dll
0x00007ff8908e0000 - 0x00007ff890951000 	C:\WINDOWS\System32\WS2_32.dll
0x00007ff88d450000 - 0x00007ff88d49d000 	C:\WINDOWS\SYSTEM32\POWRPROF.dll
0x00007ff884b10000 - 0x00007ff884b1a000 	C:\WINDOWS\SYSTEM32\VERSION.dll
0x00007ff885710000 - 0x00007ff885744000 	C:\WINDOWS\SYSTEM32\WINMM.dll
0x00007ff88d430000 - 0x00007ff88d443000 	C:\WINDOWS\SYSTEM32\UMPDC.dll
0x00007ff88d6e0000 - 0x00007ff88d6f8000 	C:\WINDOWS\SYSTEM32\kernel.appcore.dll
0x00007ff8505d0000 - 0x00007ff8505da000 	D:\Users\23993\.jdks\openjdk-21.0.2\bin\jimage.dll
0x00007ff87cd20000 - 0x00007ff87cf53000 	C:\WINDOWS\SYSTEM32\DBGHELP.DLL
0x00007ff890bc0000 - 0x00007ff890f48000 	C:\WINDOWS\System32\combase.dll
0x00007ff88f000000 - 0x00007ff88f0d7000 	C:\WINDOWS\System32\OLEAUT32.dll
0x00007ff87f560000 - 0x00007ff87f592000 	C:\WINDOWS\SYSTEM32\dbgcore.DLL
0x00007ff88e6b0000 - 0x00007ff88e729000 	C:\WINDOWS\System32\bcryptPrimitives.dll
0x00007ff88b8a0000 - 0x00007ff88b8af000 	D:\Users\23993\.jdks\openjdk-21.0.2\bin\instrument.dll
0x00007ff8505b0000 - 0x00007ff8505cf000 	D:\Users\23993\.jdks\openjdk-21.0.2\bin\java.dll
0x00007ff890040000 - 0x00007ff89089c000 	C:\WINDOWS\System32\SHELL32.dll
0x00007ff88c500000 - 0x00007ff88cdf9000 	C:\WINDOWS\SYSTEM32\windows.storage.dll
0x00007ff88c3c0000 - 0x00007ff88c4fe000 	C:\WINDOWS\SYSTEM32\wintypes.dll
0x00007ff891190000 - 0x00007ff891283000 	C:\WINDOWS\System32\SHCORE.dll
0x00007ff88f0e0000 - 0x00007ff88f13e000 	C:\WINDOWS\System32\shlwapi.dll
0x00007ff88e520000 - 0x00007ff88e541000 	C:\WINDOWS\SYSTEM32\profapi.dll
0x00007ff8504d0000 - 0x00007ff8505a7000 	D:\Users\23993\.jdks\openjdk-21.0.2\bin\jsvml.dll
0x00007ff8504c0000 - 0x00007ff8504d0000 	D:\Users\23993\.jdks\openjdk-21.0.2\bin\net.dll
0x00007ff888140000 - 0x00007ff888276000 	C:\WINDOWS\SYSTEM32\WINHTTP.dll
0x00007ff88db40000 - 0x00007ff88dba9000 	C:\WINDOWS\system32\mswsock.dll
0x00007ff8504a0000 - 0x00007ff8504b6000 	D:\Users\23993\.jdks\openjdk-21.0.2\bin\nio.dll
0x00007ff850480000 - 0x00007ff850498000 	D:\Users\23993\.jdks\openjdk-21.0.2\bin\zip.dll
0x00007ff887720000 - 0x00007ff88773a000 	D:\Program Files\JetBrains\IntelliJ IDEA 2023.3.2\bin\breakgen64.dll
0x000002341cce0000 - 0x000002341cce3000 	C:\Users\23993\.openjfx\cache\20.0.1+2\amd64\api-ms-win-core-console-l1-1-0.dll
0x000002341ccf0000 - 0x000002341ccf3000 	C:\Users\23993\.openjfx\cache\20.0.1+2\amd64\api-ms-win-core-console-l1-2-0.dll
0x000002341cd00000 - 0x000002341cd03000 	C:\Users\23993\.openjfx\cache\20.0.1+2\amd64\api-ms-win-core-datetime-l1-1-0.dll
0x000002341cd10000 - 0x000002341cd13000 	C:\Users\23993\.openjfx\cache\20.0.1+2\amd64\api-ms-win-core-debug-l1-1-0.dll
0x000002341cd20000 - 0x000002341cd23000 	C:\Users\23993\.openjfx\cache\20.0.1+2\amd64\api-ms-win-core-errorhandling-l1-1-0.dll
0x000002341cd30000 - 0x000002341cd34000 	C:\Users\23993\.openjfx\cache\20.0.1+2\amd64\api-ms-win-core-file-l1-1-0.dll
0x000002341cd40000 - 0x000002341cd43000 	C:\Users\23993\.openjfx\cache\20.0.1+2\amd64\api-ms-win-core-file-l1-2-0.dll
0x000002341cd50000 - 0x000002341cd53000 	C:\Users\23993\.openjfx\cache\20.0.1+2\amd64\api-ms-win-core-file-l2-1-0.dll
0x000002341cd60000 - 0x000002341cd63000 	C:\Users\23993\.openjfx\cache\20.0.1+2\amd64\api-ms-win-core-handle-l1-1-0.dll
0x000002341cd70000 - 0x000002341cd73000 	C:\Users\23993\.openjfx\cache\20.0.1+2\amd64\api-ms-win-core-heap-l1-1-0.dll
0x000002341cd80000 - 0x000002341cd83000 	C:\Users\23993\.openjfx\cache\20.0.1+2\amd64\api-ms-win-core-interlocked-l1-1-0.dll
0x000002341cd90000 - 0x000002341cd93000 	C:\Users\23993\.openjfx\cache\20.0.1+2\amd64\api-ms-win-core-libraryloader-l1-1-0.dll
0x000002341cda0000 - 0x000002341cda3000 	C:\Users\23993\.openjfx\cache\20.0.1+2\amd64\api-ms-win-core-localization-l1-2-0.dll
0x000002341cdb0000 - 0x000002341cdb3000 	C:\Users\23993\.openjfx\cache\20.0.1+2\amd64\api-ms-win-core-memory-l1-1-0.dll
0x000002341cdc0000 - 0x000002341cdc3000 	C:\Users\23993\.openjfx\cache\20.0.1+2\amd64\api-ms-win-core-namedpipe-l1-1-0.dll
0x000002341cdd0000 - 0x000002341cdd3000 	C:\Users\23993\.openjfx\cache\20.0.1+2\amd64\api-ms-win-core-processenvironment-l1-1-0.dll
0x000002341cde0000 - 0x000002341cde3000 	C:\Users\23993\.openjfx\cache\20.0.1+2\amd64\api-ms-win-core-processthreads-l1-1-0.dll
0x000002341cdf0000 - 0x000002341cdf3000 	C:\Users\23993\.openjfx\cache\20.0.1+2\amd64\api-ms-win-core-processthreads-l1-1-1.dll
0x000002341ce00000 - 0x000002341ce03000 	C:\Users\23993\.openjfx\cache\20.0.1+2\amd64\api-ms-win-core-profile-l1-1-0.dll
0x000002341ce10000 - 0x000002341ce13000 	C:\Users\23993\.openjfx\cache\20.0.1+2\amd64\api-ms-win-core-rtlsupport-l1-1-0.dll
0x000002341ce20000 - 0x000002341ce23000 	C:\Users\23993\.openjfx\cache\20.0.1+2\amd64\api-ms-win-core-string-l1-1-0.dll
0x000002341ce30000 - 0x000002341ce33000 	C:\Users\23993\.openjfx\cache\20.0.1+2\amd64\api-ms-win-core-synch-l1-1-0.dll
0x000002341ce40000 - 0x000002341ce43000 	C:\Users\23993\.openjfx\cache\20.0.1+2\amd64\api-ms-win-core-synch-l1-2-0.dll
0x000002341ce50000 - 0x000002341ce53000 	C:\Users\23993\.openjfx\cache\20.0.1+2\amd64\api-ms-win-core-sysinfo-l1-1-0.dll
0x000002341ce60000 - 0x000002341ce63000 	C:\Users\23993\.openjfx\cache\20.0.1+2\amd64\api-ms-win-core-timezone-l1-1-0.dll
0x000002341ce70000 - 0x000002341ce73000 	C:\Users\23993\.openjfx\cache\20.0.1+2\amd64\api-ms-win-core-util-l1-1-0.dll
0x000002341ce80000 - 0x000002341ce83000 	C:\Users\23993\.openjfx\cache\20.0.1+2\amd64\api-ms-win-crt-conio-l1-1-0.dll
0x000002341ce90000 - 0x000002341ce94000 	C:\Users\23993\.openjfx\cache\20.0.1+2\amd64\api-ms-win-crt-convert-l1-1-0.dll
0x000002341cea0000 - 0x000002341cea3000 	C:\Users\23993\.openjfx\cache\20.0.1+2\amd64\api-ms-win-crt-environment-l1-1-0.dll
0x000002341ceb0000 - 0x000002341ceb3000 	C:\Users\23993\.openjfx\cache\20.0.1+2\amd64\api-ms-win-crt-filesystem-l1-1-0.dll
0x000002341cec0000 - 0x000002341cec3000 	C:\Users\23993\.openjfx\cache\20.0.1+2\amd64\api-ms-win-crt-heap-l1-1-0.dll
0x000002341ced0000 - 0x000002341ced3000 	C:\Users\23993\.openjfx\cache\20.0.1+2\amd64\api-ms-win-crt-locale-l1-1-0.dll
0x000002341cee0000 - 0x000002341cee5000 	C:\Users\23993\.openjfx\cache\20.0.1+2\amd64\api-ms-win-crt-math-l1-1-0.dll
0x000002341cef0000 - 0x000002341cef5000 	C:\Users\23993\.openjfx\cache\20.0.1+2\amd64\api-ms-win-crt-multibyte-l1-1-0.dll
0x000002341cf00000 - 0x000002341cf10000 	C:\Users\23993\.openjfx\cache\20.0.1+2\amd64\api-ms-win-crt-private-l1-1-0.dll
0x000002341cf10000 - 0x000002341cf13000 	C:\Users\23993\.openjfx\cache\20.0.1+2\amd64\api-ms-win-crt-process-l1-1-0.dll
0x000002341cf20000 - 0x000002341cf24000 	C:\Users\23993\.openjfx\cache\20.0.1+2\amd64\api-ms-win-crt-runtime-l1-1-0.dll
0x000002341cf30000 - 0x000002341cf34000 	C:\Users\23993\.openjfx\cache\20.0.1+2\amd64\api-ms-win-crt-stdio-l1-1-0.dll
0x000002341cf40000 - 0x000002341cf44000 	C:\Users\23993\.openjfx\cache\20.0.1+2\amd64\api-ms-win-crt-string-l1-1-0.dll
0x000002341cf50000 - 0x000002341cf53000 	C:\Users\23993\.openjfx\cache\20.0.1+2\amd64\api-ms-win-crt-time-l1-1-0.dll
0x000002341cf60000 - 0x000002341cf63000 	C:\Users\23993\.openjfx\cache\20.0.1+2\amd64\api-ms-win-crt-utility-l1-1-0.dll
0x00007ff87c820000 - 0x00007ff87c91c000 	C:\Users\23993\.openjfx\cache\20.0.1+2\amd64\ucrtbase.dll
0x00007ff887600000 - 0x00007ff88761b000 	C:\Users\23993\.openjfx\cache\20.0.1+2\amd64\vcruntime140.dll
0x00007ff88b750000 - 0x00007ff88b75c000 	C:\Users\23993\.openjfx\cache\20.0.1+2\amd64\vcruntime140_1.dll
0x00007ff880e60000 - 0x00007ff880eee000 	C:\Users\23993\.openjfx\cache\20.0.1+2\amd64\msvcp140.dll
0x00007ff88ae60000 - 0x00007ff88ae69000 	C:\Users\23993\.openjfx\cache\20.0.1+2\amd64\msvcp140_1.dll
0x00007ff886330000 - 0x00007ff886360000 	C:\Users\23993\.openjfx\cache\20.0.1+2\amd64\msvcp140_2.dll
0x00007ff885ab0000 - 0x00007ff885adf000 	C:\Users\23993\.openjfx\cache\20.0.1+2\amd64\prism_d3d.dll
0x00007ff858d10000 - 0x00007ff858eb9000 	C:\WINDOWS\system32\d3d9.dll
0x00007ff88bd50000 - 0x00007ff88bd7b000 	C:\WINDOWS\SYSTEM32\dwmapi.dll
0x00007ff88bc00000 - 0x00007ff88bc39000 	C:\WINDOWS\SYSTEM32\dxcore.dll
0x00007ff88ba70000 - 0x00007ff88bb1b000 	C:\WINDOWS\system32\uxtheme.dll
0x00007ff853940000 - 0x00007ff8539f0000 	C:\WINDOWS\SYSTEM32\d3d9on12.dll
0x00007ff88bc40000 - 0x00007ff88bd38000 	C:\WINDOWS\SYSTEM32\dxgi.dll
0x00007ff874ac0000 - 0x00007ff874ae6000 	C:\WINDOWS\SYSTEM32\d3d12.dll
0x00007ff88e2b0000 - 0x00007ff88e2fe000 	C:\WINDOWS\SYSTEM32\cfgmgr32.dll
0x00007ff872db0000 - 0x00007ff872fb3000 	C:\WINDOWS\SYSTEM32\D3D12Core.dll
0x00007ff8530b0000 - 0x00007ff8531b7000 	C:\WINDOWS\System32\DriverStore\FileRepository\iigd_dch.inf_amd64_41d82e9a7c892f34\igd12umd64.dll
0x00007ff832950000 - 0x00007ff833855000 	C:\WINDOWS\System32\DriverStore\FileRepository\iigd_dch.inf_amd64_41d82e9a7c892f34\igd12um64xel.dll
0x00007ff88ed70000 - 0x00007ff88eed7000 	C:\WINDOWS\System32\CRYPT32.dll
0x00007ff890a10000 - 0x00007ff890bb5000 	C:\WINDOWS\System32\ole32.dll
0x00007ff84f630000 - 0x00007ff84f674000 	C:\WINDOWS\SYSTEM32\ControlLib.dll
0x00007ff88fb80000 - 0x00007ff88fff4000 	C:\WINDOWS\System32\SETUPAPI.dll
0x00007ff88e310000 - 0x00007ff88e33c000 	C:\WINDOWS\SYSTEM32\DEVOBJ.dll
0x00007ff8885f0000 - 0x00007ff88867b000 	C:\WINDOWS\System32\DriverStore\FileRepository\iigd_dch.inf_amd64_41d82e9a7c892f34\IntelControlLib.dll
0x00007ff88ed00000 - 0x00007ff88ed6b000 	C:\WINDOWS\System32\WINTRUST.dll
0x00007ff88e290000 - 0x00007ff88e2a2000 	C:\WINDOWS\SYSTEM32\MSASN1.dll
0x00007ff88bb90000 - 0x00007ff88bbda000 	C:\WINDOWS\SYSTEM32\directxdatabasehelper.dll
0x00007ff87ae10000 - 0x00007ff87b248000 	C:\WINDOWS\System32\DriverStore\FileRepository\iigd_dch.inf_amd64_41d82e9a7c892f34\igdgmm64.dll
0x00007ff823900000 - 0x00007ff8277ad000 	C:\WINDOWS\System32\DriverStore\FileRepository\iigd_dch.inf_amd64_41d82e9a7c892f34\igc64.dll
0x00007ff869370000 - 0x00007ff86939f000 	C:\WINDOWS\SYSTEM32\D3DSCache.dll
0x00007ff88dbe0000 - 0x00007ff88dc08000 	C:\WINDOWS\SYSTEM32\USERENV.dll
0x00007ff841080000 - 0x00007ff84137c000 	C:\WINDOWS\System32\DriverStore\FileRepository\iigd_dch.inf_amd64_41d82e9a7c892f34\igd12dxva64.dll
0x00007ff831760000 - 0x00007ff832943000 	C:\WINDOWS\System32\DriverStore\FileRepository\iigd_dch.inf_amd64_41d82e9a7c892f34\igddxvacommon64.dll
0x00007ff828660000 - 0x00007ff82a381000 	C:\WINDOWS\System32\DriverStore\FileRepository\iigd_dch.inf_amd64_41d82e9a7c892f34\media_bin_64.dll
0x00007ff8660b0000 - 0x00007ff8660d7000 	C:\WINDOWS\System32\DriverStore\FileRepository\iigd_dch.inf_amd64_41d82e9a7c892f34\igdinfo64.dll
0x00007ff88de90000 - 0x00007ff88deab000 	C:\WINDOWS\SYSTEM32\CRYPTSP.dll
0x00007ff88d640000 - 0x00007ff88d675000 	C:\WINDOWS\system32\rsaenh.dll
0x00007ff88de70000 - 0x00007ff88de7c000 	C:\WINDOWS\SYSTEM32\CRYPTBASE.dll

dbghelp: loaded successfully - version: 4.0.5 - missing functions: none
symbol engine: initialized successfully - sym options: 0x614 - pdb path: .;D:\Users\23993\.jdks\openjdk-21.0.2\bin;C:\WINDOWS\SYSTEM32;C:\WINDOWS\WinSxS\amd64_microsoft.windows.common-controls_6595b64144ccf1df_6.0.22621.3235_none_270f74e173860f98;D:\Users\23993\.jdks\openjdk-21.0.2\bin\server;D:\Program Files\JetBrains\IntelliJ IDEA 2023.3.2\bin;C:\Users\23993\.openjfx\cache\20.0.1+2\amd64;C:\WINDOWS\System32\DriverStore\FileRepository\iigd_dch.inf_amd64_41d82e9a7c892f34;C:\Program Files\Bonjour;C:\Program Files\Common Files\Microsoft Shared\Ink

VM Arguments:
jvm_args: --add-opens=java.base/java.lang.reflect=com.jfoenix --add-opens=java.base/java.util=com.jfoenix --add-opens=java.base/java.lang=com.jfoenix -javaagent:D:\Program Files\JetBrains\IntelliJ IDEA 2023.3.2\lib\idea_rt.jar=57853:D:\Program Files\JetBrains\IntelliJ IDEA 2023.3.2\bin -Dfile.encoding=UTF-8 -Dsun.stdout.encoding=UTF-8 -Dsun.stderr.encoding=UTF-8 --module-path=C:\Users\23993\.m2\repository\com\dlsc\formsfx\formsfx-core\11.6.0\formsfx-core-11.6.0.jar;C:\Users\23993\.m2\repository\org\apache\httpcomponents\httpclient\4.5.13\httpclient-4.5.13.jar;C:\Users\23993\.m2\repository\com\itextpdf\itextpdf\5.5.13\itextpdf-5.5.13.jar;C:\Users\23993\.m2\repository\org\openjfx\javafx-controls\20.0.1\javafx-controls-20.0.1-win.jar;C:\Users\23993\.m2\repository\eu\hansolo\tilesfx\11.48\tilesfx-11.48.jar;C:\Users\23993\.m2\repository\org\apache\pdfbox\pdfbox\2.0.24\pdfbox-2.0.24.jar;D:\23993\OneDrive\IDEA\JavaCourseDesign\front\target\classes;C:\Users\23993\.m2\repository\org\openjfx\javafx-web\20.0.1\javafx-web-20.0.1-win.jar;C:\Users\23993\.m2\repository\net\synedra\validatorfx\0.4.0\validatorfx-0.4.0.jar;C:\Users\23993\.m2\repository\org\kordamp\ikonli\ikonli-core\12.3.1\ikonli-core-12.3.1.jar;C:\Users\23993\.m2\repository\org\openjfx\javafx-graphics\20.0.1\javafx-graphics-20.0.1-win.jar;C:\Users\23993\.m2\repository\com\jfoenix\jfoenix\9.0.10\jfoenix-9.0.10.jar;C:\Users\23993\.m2\repository\org\openjfx\javafx-base\20.0.1\javafx-base-20.0.1-win.jar;C:\Users\23993\.m2\repository\org\kordamp\bootstrapfx\bootstrapfx-core\0.4.0\bootstrapfx-core-0.4.0.jar;C:\Users\23993\.m2\repository\org\apache\httpcomponents\httpcore\4.4.13\httpcore-4.4.13.jar;C:\Users\23993\.m2\repository\org\openjfx\javafx-fxml\20.0.1\javafx-fxml-20.0.1-win.jar;C:\Users\23993\.m2\repository\org\kordamp\ikonli\ikonli-javafx\12.3.1\ikonli-javafx-12.3.1.jar;C:\Users\23993\.m2\repository\org\openjfx\javafx-swing\20.0.1\javafx-swing-20.0.1-win.jar;C:\Users\23993\.m2\repository\org\controlsfx\controlsfx\11.1.2\controlsfx-11.1.2.jar;C:\Users\23993\.m2\repository\com\google\code\gson\gson\2.8.6\gson-2.8.6.jar;C:\Users\23993\.m2\repository\org\openjfx\javafx-media\20.0.1\javafx-media-20.0.1-win.jar -Djdk.module.main=com.management.front 
java_command: com.management.front/com.management.front.HelloApplication
java_class_path (initial): C:\Users\23993\.m2\repository\commons-logging\commons-logging\1.2\commons-logging-1.2.jar;C:\Users\23993\.m2\repository\commons-codec\commons-codec\1.11\commons-codec-1.11.jar;C:\Users\23993\.m2\repository\commons-io\commons-io\2.6\commons-io-2.6.jar;C:\Users\23993\.m2\repository\org\apache\pdfbox\fontbox\2.0.24\fontbox-2.0.24.jar;C:\Users\23993\.m2\repository\org\openjfx\javafx-controls\20.0.1\javafx-controls-20.0.1.jar;C:\Users\23993\.m2\repository\org\openjfx\javafx-graphics\20.0.1\javafx-graphics-20.0.1.jar;C:\Users\23993\.m2\repository\org\openjfx\javafx-base\20.0.1\javafx-base-20.0.1.jar;C:\Users\23993\.m2\repository\org\openjfx\javafx-fxml\20.0.1\javafx-fxml-20.0.1.jar;C:\Users\23993\.m2\repository\org\openjfx\javafx-web\20.0.1\javafx-web-20.0.1.jar;C:\Users\23993\.m2\repository\org\openjfx\javafx-media\20.0.1\javafx-media-20.0.1.jar;C:\Users\23993\.m2\repository\org\openjfx\javafx-swing\20.0.1\javafx-swing-20.0.1.jar;C:\Users\23993\.m2\repository\org\apache\maven\plugin-tools\maven-plugin-annotations\3.5.2\maven-plugin-annotations-3.5.2.jar;C:\Users\23993\.m2\repository\org\apache\maven\maven-artifact\3.0\maven-artifact-3.0.jar;C:\Users\23993\.m2\repository\org\codehaus\plexus\plexus-utils\2.0.4\plexus-utils-2.0.4.jar
Launcher Type: SUN_STANDARD

[Global flags]
     intx CICompilerCount                          = 12                                        {product} {ergonomic}
     uint ConcGCThreads                            = 4                                         {product} {ergonomic}
     uint G1ConcRefinementThreads                  = 15                                        {product} {ergonomic}
   size_t G1HeapRegionSize                         = 4194304                                   {product} {ergonomic}
    uintx GCDrainStackTargetSize                   = 64                                        {product} {ergonomic}
   size_t InitialHeapSize                          = 532676608                                 {product} {ergonomic}
   size_t MarkStackSize                            = 4194304                                   {product} {ergonomic}
   size_t MaxHeapSize                              = 8518631424                                {product} {ergonomic}
   size_t MaxNewSize                               = 5108662272                                {product} {ergonomic}
   size_t MinHeapDeltaBytes                        = 4194304                                   {product} {ergonomic}
   size_t MinHeapSize                              = 8388608                                   {product} {ergonomic}
    uintx NonNMethodCodeHeapSize                   = 7602480                                {pd product} {ergonomic}
    uintx NonProfiledCodeHeapSize                  = 122027880                              {pd product} {ergonomic}
    uintx ProfiledCodeHeapSize                     = 122027880                              {pd product} {ergonomic}
    uintx ReservedCodeCacheSize                    = 251658240                              {pd product} {ergonomic}
     bool SegmentedCodeCache                       = true                                      {product} {ergonomic}
   size_t SoftMaxHeapSize                          = 8518631424                             {manageable} {ergonomic}
     bool UseCompressedOops                        = true                           {product lp64_product} {ergonomic}
     bool UseG1GC                                  = true                                      {product} {ergonomic}
     bool UseLargePagesIndividualAllocation        = false                                  {pd product} {ergonomic}

Logging:
Log output configuration:
 #0: stdout all=off uptime,level,tags foldmultilines=false
 #1: stderr all=off uptime,level,tags foldmultilines=false

Environment Variables:
PATH=C:\Program Files\NVIDIA GPU Computing Toolkit\CUDA\v10.2\bin;C:\Program Files\NVIDIA GPU Computing Toolkit\CUDA\v10.2\libnvvp;C:\Windows\system32;C:\Windows;C:\Windows\System32\Wbem;C:\Windows\System32\WindowsPowerShell\v1.0\;C:\Windows\System32\OpenSSH\;C:\Program Files (x86)\NVIDIA Corporation\PhysX\Common;C:\Program Files\NVIDIA Corporation\NVIDIA NvDLISR;D:\mingw64\bin;C:\WINDOWS\system32;C:\WINDOWS;C:\WINDOWS\System32\Wbem;C:\WINDOWS\System32\WindowsPowerShell\v1.0\;C:\WINDOWS\System32\OpenSSH\;D:\Program Files\Calibre2\;C:\Program Files\dotnet\;C:\Program Files (x86)\ZeroTier\One\;D:\Program Files\Git\cmd;C:\Users\23993\AppData\Local\Microsoft\WindowsApps;C:\Users\23993\AppData\Local\Programs\Microsoft VS Code\bin;D:\Program Files\JetBrains\IntelliJ IDEA 2023.3.2\bin;;C:\Users\23993\AppData\Local\GitHubDesktop\bin;D:\Program Files\JetBrains\CLion 2023.3.4\bin;
USERNAME=23993
OS=Windows_NT
PROCESSOR_IDENTIFIER=Intel64 Family 6 Model 186 Stepping 2, GenuineIntel
TMP=C:\Users\23993\AppData\Local\Temp
TEMP=C:\Users\23993\AppData\Local\Temp




Periodic native trim disabled

---------------  S Y S T E M  ---------------

OS:
 Windows 11 , 64 bit Build 22621 (10.0.22621.3374)
OS uptime: 7 days 8:09 hours
Hyper-V role detected

CPU: total 20 (initial active 20) (10 cores per cpu, 2 threads per core) family 6 model 186 stepping 2 microcode 0x4114, cx8, cmov, fxsr, ht, mmx, 3dnowpref, sse, sse2, sse3, ssse3, sse4.1, sse4.2, popcnt, lzcnt, tsc, tscinvbit, avx, avx2, aes, erms, clmul, bmi1, bmi2, adx, sha, fma, vzeroupper, clflush, clflushopt, clwb, hv, serialize, rdtscp, rdpid, fsrm, f16c, cet_ibt, cet_ss
Processor Information for processor 0
  Max Mhz: 2400, Current Mhz: 2400, Mhz Limit: 2400
Processor Information for processor 1
  Max Mhz: 2400, Current Mhz: 2400, Mhz Limit: 2400
Processor Information for processor 2
  Max Mhz: 2400, Current Mhz: 2400, Mhz Limit: 2400
Processor Information for processor 3
  Max Mhz: 2400, Current Mhz: 2400, Mhz Limit: 2400
Processor Information for processor 4
  Max Mhz: 2400, Current Mhz: 2400, Mhz Limit: 2400
Processor Information for processor 5
  Max Mhz: 2400, Current Mhz: 2400, Mhz Limit: 2400
Processor Information for processor 6
  Max Mhz: 2400, Current Mhz: 2400, Mhz Limit: 2400
Processor Information for processor 7
  Max Mhz: 2400, Current Mhz: 1040, Mhz Limit: 2400
Processor Information for processor 8
  Max Mhz: 2400, Current Mhz: 2400, Mhz Limit: 2400
Processor Information for processor 9
  Max Mhz: 2400, Current Mhz: 1040, Mhz Limit: 2400
Processor Information for processor 10
  Max Mhz: 2400, Current Mhz: 2400, Mhz Limit: 2400
Processor Information for processor 11
  Max Mhz: 2400, Current Mhz: 2400, Mhz Limit: 2400
Processor Information for processor 12
  Max Mhz: 2400, Current Mhz: 1333, Mhz Limit: 2400
Processor Information for processor 13
  Max Mhz: 2400, Current Mhz: 1333, Mhz Limit: 2400
Processor Information for processor 14
  Max Mhz: 2400, Current Mhz: 1333, Mhz Limit: 2400
Processor Information for processor 15
  Max Mhz: 2400, Current Mhz: 2400, Mhz Limit: 2400
Processor Information for processor 16
  Max Mhz: 2400, Current Mhz: 1333, Mhz Limit: 2400
Processor Information for processor 17
  Max Mhz: 2400, Current Mhz: 1333, Mhz Limit: 2400
Processor Information for processor 18
  Max Mhz: 2400, Current Mhz: 1333, Mhz Limit: 2400
Processor Information for processor 19
  Max Mhz: 2400, Current Mhz: 1333, Mhz Limit: 2400

Memory: 4k page, system-wide physical 32492M (14612M free)
TotalPageFile size 37356M (AvailPageFile size 10706M)
current process WorkingSet (physical memory assigned to process): 474M, peak: 533M
current process commit charge ("private bytes"): 542M, peak: 853M

vm_info: OpenJDK 64-Bit Server VM (21.0.2+13-58) for windows-amd64 JRE (21.0.2+13-58), built on 2024-01-05T18:32:24Z by "mach5one" with MS VC++ 17.1 (VS2022)

END.
